2022-12-20 10:45:45.533 | ERROR    | Common.Httpcore:core_sign:220 - 
<-----Core Sign Response Error----->{"code":2100000,"message":"invalid signature bf9b517d54773dea3f79e3233d8d733b8d5bbb02d3a3da5f21c78f22f1d8b77b2910219edb9d701d9ddf62c2b28a44a5df5c6670ea70c3fc89cc2474331785b200"}
2022-12-20 10:52:16.563 | ERROR    | Common.Httpcore:core_sign:220 - 
<-----Core Sign Response Error----->{"code":2100000,"message":"invalid signature 47d26051d039dc92600e322c25bc4e5090421d0e7d9db9a10b8ad5e096b4f21b2bc4f490f946dba0f75fe7fab162aba17185a56d6b6d9b2a51bc928ed7ffab4001"}
2022-12-20 11:42:50.321 | ERROR    | Common.Httpcore:core_sign:220 - 
<-----Core Sign Response Error----->{"code":2100000,"message":"invalid signature b14cb8e982a2a757139443f7174e7687f3e6290cd851e6dfd6885c115ff7d4193892951e3512a470457314ec3690defaf38970a68c9fb7aee1ec68ca4fe9b22d00"}
2022-12-20 15:17:11.229 | ERROR    | Common.Httpcore:core_send:239 - 
<-----Core Send Response Error----->{"code":2300000,"message":"transaction status change cannot be send"}
2022-12-20 15:36:39.955 | ERROR    | Common.Http:holders:431 - 
<-----Query Holders Response Error----->
{"code":1400000,"message":"Connection refused \u0028Connection refused\u0029"}


2022-12-20 15:37:39.016 | ERROR    | Common.Http:holders:431 - 
<-----Query Holders Response Error----->
{"code":1400000,"message":"Connection refused \u0028Connection refused\u0029"}


2022-12-20 15:38:25.856 | ERROR    | Common.Http:holders:431 - 
<-----Query Holders Response Error----->
{"timestamp":"2022-12-20T07:38:25.889Z","status":404,"error":"Not Found","message":"","path":"/escrow/api/valut/assets/holders/"}


2022-12-20 16:04:02.396 | ERROR    | Common.Httpcore:core_build:178 - 
<-----Core Build Response Error----->{"code":2200000,"message":"account not found"}
2022-12-20 16:04:36.287 | ERROR    | Common.Httpcore:core_build:178 - 
<-----Core Build Response Error----->{"code":2200000,"message":"account not found"}
2022-12-20 16:05:46.842 | ERROR    | Common.Httpcore:core_send:239 - 
<-----Core Send Response Error----->{"code":2400000,"message":"INTERNAL: Broadcasting transaction failed with code 5 \u0028codespace: sdk\u0029. Log: 8469uiris is smaller than 15735uiris: insufficient funds: insufficient funds"}
2022-12-20 16:29:41.715 | ERROR    | Common.Http:holders:431 - 
<-----Query Holders Response Error----->
{"timestamp":"2022-12-20T08:29:41.692Z","status":404,"error":"Not Found","message":"","path":"/escrow/api/assets/holders/"}


2022-12-20 16:57:53.949 | ERROR    | Common.Http:holders:431 - 
<-----Query Holders Response Error----->
{"timestamp":"2022-12-20T08:57:53.875Z","status":404,"error":"Not Found","message":"","path":"/escrow/api/assets/holders/"}


2022-12-20 17:00:21.701 | ERROR    | Common.Http:holders:431 - 
<-----Query Holders Response Error----->
{"code":1400000,"message":"Connection refused \u0028Connection refused\u0029"}


2022-12-20 17:59:16.005 | ERROR    | test_create_success:test_create_account_safe:67 - 

Goerli创建2-2安全账户 custodial+owner
0xe5fc818e140c090c107cf4e1163c7d171b1072cb
2022-12-20 18:07:20.364 | ERROR    | test_create_success:test_create_account_safe:67 - 

Goerli创建2-2安全账户 custodial+owner
0x9b6c3c76f6fa5699cab4022b2e88451818f5fcef
2022-12-20 18:15:29.303 | ERROR    | Test_c_t:test_safe:49 - 
safe账户
0xa491f7d4d19c4e3907910be05f19e78fbd97412b


