2022-12-06 11:16:13.392 | ERROR    | Common.Httpcore:core_build:138 - 
<-----Core Build Response Error----->{"code":2400000,"message":"INVALID_ARGUMENT: cannot query account info"}
2022-12-06 11:19:04.768 | ERROR    | Common.Httpcore:core_build:138 - 
<-----Core Build Response Error----->{"code":2400000,"message":"INVALID_ARGUMENT: cannot query account info"}
2022-12-06 11:25:25.761 | ERROR    | Common.Httpcore:core_build:138 - 
<-----Core Build Response Error----->{"code":2400000,"message":"INVALID_ARGUMENT: cannot query account info"}
2022-12-06 11:32:28.242 | ERROR    | Common.Httpcore:core_send:180 - 
<-----Core Send Response Error----->{"code":2400000,"message":"INTERNAL: 500 - {\"result\":null,\"error\":{\"code\":-26,\"message\":\"non-mandatory-script-verify-flag \u0028Witness program hash mismatch\u0029\"},\"id\":1670297552367}"}
2022-12-06 11:44:12.138 | ERROR    | Common.Httpcore:core_build:138 - 
<-----Core Build Response Error----->{"code":2400000,"message":"INVALID_ARGUMENT: cannot query account info"}
2022-12-06 14:35:15.656 | ERROR    | Common.Httpcore:core_send:180 - 
<-----Core Send Response Error----->{"code":2400000,"message":"INTERNAL: 500 - {\"result\":null,\"error\":{\"code\":-26,\"message\":\"non-mandatory-script-verify-flag \u0028Witness program hash mismatch\u0029\"},\"id\":1670308519584}"}
2022-12-06 15:12:15.830 | ERROR    | Common.Httpcore:core_send:180 - 
<-----Core Send Response Error----->{"code":2400000,"message":"INTERNAL: 500 - {\"result\":null,\"error\":{\"code\":-26,\"message\":\"non-mandatory-script-verify-flag \u0028Witness program hash mismatch\u0029\"},\"id\":1670310739721}"}
2022-12-06 15:20:30.409 | ERROR    | Common.Httpcore:core_build:138 - 
<-----Core Build Response Error----->{"code":2400000,"message":"INVALID_ARGUMENT: cannot query account info"}
2022-12-06 15:35:08.936 | ERROR    | Common.Httpcore:core_send:180 - 
<-----Core Send Response Error----->{"code":2400000,"message":"INTERNAL: 500 - {\"result\":null,\"error\":{\"code\":-26,\"message\":\"txn-mempool-conflict\"},\"id\":1670312113166}"}
2022-12-06 16:13:52.800 | ERROR    | Common.Httpcore:core_build:138 - 
<-----Core Build Response Error----->{"code":2400000,"message":"INVALID_ARGUMENT: cannot query account info"}
2022-12-06 17:08:21.904 | ERROR    | Common.Httpcore:core_build:138 - 
<-----Core Build Response Error----->{"code":2400000,"message":"INVALID_ARGUMENT: cannot query account info"}
