2022-12-28 09:25:23.403 | ERROR    | Common.Httpcore:core_instructions:238 - 
<-----Core Instructions Response Error----->{"code":2300000,"message":"safe relay error"}
2022-12-28 09:44:51.736 | ERROR    | Common.Httpcore:core_send:280 - 
<-----Core Send Response Error----->{"code":2300000,"message":"transaction status change cannot be send"}
2022-12-28 09:49:24.494 | ERROR    | Common.Httpcore:core_instructions:238 - 
<-----Core Instructions Response Error----->{"code":2100000,"message":"account enable"}
2022-12-28 09:50:20.811 | ERROR    | Common.Httpcore:core_instructions:238 - 
<-----Core Instructions Response Error----->{"code":2100000,"message":"account enable"}
2022-12-28 09:50:46.817 | ERROR    | Common.Httpcore:core_instructions:238 - 
<-----Core Instructions Response Error----->{"code":2100000,"message":"account enable"}
2022-12-28 09:50:55.217 | ERROR    | Common.Httpcore:core_instructions:238 - 
<-----Core Instructions Response Error----->{"code":2100000,"message":"account enable"}
2022-12-28 10:17:55.367 | ERROR    | Common.Httpcore:core_send:280 - 
<-----Core Send Response Error----->{"code":2300000,"message":"send transaction fail"}
2022-12-28 10:19:26.530 | ERROR    | Common.Httpcore:core_send:280 - 
<-----Core Send Response Error----->{"code":2300000,"message":"send transaction fail"}
2022-12-28 10:30:17.674 | ERROR    | Common.Httpcore:core_instructions:238 - 
<-----Core Instructions Response Error----->{"code":2400000,"message":"INTERNAL: 502 - \"\u003Chtml\u003E\\r\\n\u003Chead\u003E\u003Ctitle\u003E502 Bad Gateway\u003C/title\u003E\u003C/head\u003E\\r\\n\u003Cbody\u003E\\r\\n\u003Ccenter\u003E\u003Ch1\u003E502 Bad Gateway\u003C/h1\u003E\u003C/center\u003E\\r\\n\u003Chr\u003E\u003Ccenter\u003Enginx\u003C/center\u003E\\r\\n\u003C/body\u003E\\r\\n\u003C/html\u003E\\r\\n\""}
2022-12-28 10:30:44.955 | ERROR    | Common.Httpcore:core_instructions:238 - 
<-----Core Instructions Response Error----->{"code":2400000,"message":"INTERNAL: 502 - \"\u003Chtml\u003E\\r\\n\u003Chead\u003E\u003Ctitle\u003E502 Bad Gateway\u003C/title\u003E\u003C/head\u003E\\r\\n\u003Cbody\u003E\\r\\n\u003Ccenter\u003E\u003Ch1\u003E502 Bad Gateway\u003C/h1\u003E\u003C/center\u003E\\r\\n\u003Chr\u003E\u003Ccenter\u003Enginx\u003C/center\u003E\\r\\n\u003C/body\u003E\\r\\n\u003C/html\u003E\\r\\n\""}
2022-12-28 10:44:06.657 | ERROR    | Common.Httpcore:core_send:280 - 
<-----Core Send Response Error----->{"code":2300000,"message":"send transaction fail"}
2022-12-28 10:48:37.615 | ERROR    | Common.Httpcore:core_instructions:238 - 
<-----Core Instructions Response Error----->{"code":2400000,"message":"INTERNAL: 502 - \"\u003Chtml\u003E\\r\\n\u003Chead\u003E\u003Ctitle\u003E502 Bad Gateway\u003C/title\u003E\u003C/head\u003E\\r\\n\u003Cbody\u003E\\r\\n\u003Ccenter\u003E\u003Ch1\u003E502 Bad Gateway\u003C/h1\u003E\u003C/center\u003E\\r\\n\u003Chr\u003E\u003Ccenter\u003Enginx\u003C/center\u003E\\r\\n\u003C/body\u003E\\r\\n\u003C/html\u003E\\r\\n\""}
2022-12-28 10:49:29.432 | ERROR    | Common.Httpcore:core_instructions:238 - 
<-----Core Instructions Response Error----->{"code":2300000,"message":"safe relay error"}
2022-12-28 10:50:27.383 | ERROR    | Common.Httpcore:core_instructions:238 - 
<-----Core Instructions Response Error----->{"code":2400000,"message":"INTERNAL: 502 - \"\u003Chtml\u003E\\r\\n\u003Chead\u003E\u003Ctitle\u003E502 Bad Gateway\u003C/title\u003E\u003C/head\u003E\\r\\n\u003Cbody\u003E\\r\\n\u003Ccenter\u003E\u003Ch1\u003E502 Bad Gateway\u003C/h1\u003E\u003C/center\u003E\\r\\n\u003Chr\u003E\u003Ccenter\u003Enginx\u003C/center\u003E\\r\\n\u003C/body\u003E\\r\\n\u003C/html\u003E\\r\\n\""}
2022-12-28 10:54:11.098 | ERROR    | Common.Httpcore:core_instructions:238 - 
<-----Core Instructions Response Error----->{"code":2300000,"message":"safe relay error"}
2022-12-28 10:57:02.860 | ERROR    | Common.Httpcore:core_instructions:238 - 
<-----Core Instructions Response Error----->{"code":2400000,"message":"INTERNAL: 502 - \"\u003Chtml\u003E\\r\\n\u003Chead\u003E\u003Ctitle\u003E502 Bad Gateway\u003C/title\u003E\u003C/head\u003E\\r\\n\u003Cbody\u003E\\r\\n\u003Ccenter\u003E\u003Ch1\u003E502 Bad Gateway\u003C/h1\u003E\u003C/center\u003E\\r\\n\u003Chr\u003E\u003Ccenter\u003Enginx\u003C/center\u003E\\r\\n\u003C/body\u003E\\r\\n\u003C/html\u003E\\r\\n\""}
2022-12-28 10:59:11.417 | ERROR    | Common.Httpcore:core_send:280 - 
<-----Core Send Response Error----->{"code":2300000,"message":"send transaction fail"}
2022-12-28 11:10:31.300 | ERROR    | Common.Httpcore:core_send:280 - 
<-----Core Send Response Error----->{"code":2300000,"message":"send transaction fail"}
2022-12-28 11:51:26.468 | ERROR    | Common.Httpcore:core_instructions:238 - 
<-----Core Instructions Response Error----->{"code":2400000,"message":"INTERNAL: 502 - \"\u003Chtml\u003E\\r\\n\u003Chead\u003E\u003Ctitle\u003E502 Bad Gateway\u003C/title\u003E\u003C/head\u003E\\r\\n\u003Cbody\u003E\\r\\n\u003Ccenter\u003E\u003Ch1\u003E502 Bad Gateway\u003C/h1\u003E\u003C/center\u003E\\r\\n\u003Chr\u003E\u003Ccenter\u003Enginx\u003C/center\u003E\\r\\n\u003C/body\u003E\\r\\n\u003C/html\u003E\\r\\n\""}
2022-12-28 12:02:15.435 | ERROR    | Common.Httpcore:core_instructions:238 - 
<-----Core Instructions Response Error----->{"code":1200000,"message":"get error :[Not Found]"}
2022-12-28 12:02:50.523 | ERROR    | Common.Httpcore:core_instructions:238 - 
<-----Core Instructions Response Error----->{"code":1200000,"message":"get error :[Not Found]"}
2022-12-28 14:32:07.241 | ERROR    | Common.Httpcore:core_instructions:238 - 
<-----Core Instructions Response Error----->{"code":1200000,"message":"get error :[Not Found]"}
2022-12-28 14:34:18.826 | ERROR    | Common.Httpcore:core_instructions:238 - 
<-----Core Instructions Response Error----->{"code":2300000,"message":"io.cryptoless.core.ethereum.gnosis.BuildInputRequest$Builder.setOperation\u0028java.lang.Integer\u0029"}
2022-12-28 14:36:12.440 | ERROR    | Common.Httpcore:core_instructions:238 - 
<-----Core Instructions Response Error----->{"code":2300000,"message":"io.cryptoless.core.ethereum.gnosis.BuildInputRequest$Builder.setOperation\u0028java.lang.Integer\u0029"}
2022-12-28 15:00:20.102 | ERROR    | Common.Httpcore:core_instructions:238 - 
<-----Core Instructions Response Error----->{"code":1200000,"message":"get error :[Not Found]"}
2022-12-28 15:19:32.565 | ERROR    | Common.Httpcore:core_sign:261 - 
<-----Core Sign Response Error----->{"code":2100000,"message":"invalid signature 5658dd499e5489289e7f5eef1177e79c57e328a56d804050808b479c302d61a741c6a16835a57f2ef1327fb61d532c709b5b8c8a3768b2b1e87e7e065ed9487a00"}
2022-12-28 15:22:51.649 | ERROR    | Common.Httpcore:core_sign:261 - 
<-----Core Sign Response Error----->{"code":2400000,"message":"INTERNAL: Transaction has absurd fees"}
2022-12-28 15:27:34.232 | ERROR    | Common.Httpcore:core_instructions:238 - 
<-----Core Instructions Response Error----->{"code":2300000,"message":"fee calculation fail"}
2022-12-28 15:32:39.128 | ERROR    | Common.Httpcore:core_send:280 - 
<-----Core Send Response Error----->{"code":2300000,"message":"transaction status change cannot be send"}
2022-12-28 15:36:13.613 | ERROR    | Common.Httpcore:core_send:280 - 
<-----Core Send Response Error----->{"code":2300000,"message":"transaction status change cannot be send"}
