2023-01-06 10:41:44.572 | ERROR    | Common.Http:holders:427 - 
<-----Query Holders Response Error----->
{"code":2300000,"message":"Redis server response timeout \u00283000 ms\u0029 occured after 3 retry attempts. Increase nettyThreads and/or timeout settings. Try to define pingConnectionInterval setting. Command: \u0028GET\u0029, params: [cryptoless:escrow:user:token:2f30c53ed4d1eb13959d171fbc96cb5d], channel: [id: 0xb3d46c04, L:/172.31.19.149:43206 - R:172.31.23.214/172.31.23.214:6379]"}


2023-01-06 15:12:41.667 | ERROR    | test_success:test_custodial:87 - 

GOERLI--GoerliETH--GOERLI share账户转账 nativecoin
0x24ca55d569ca99ae648949147ccb3e0024ec1098--0.049639415300795316
0x9520eeff0e595d56cd0a1b0fe23202bd51cef1bb4dcceeed8b77153e9daee1bb


2023-01-06 15:29:37.513 | ERROR    | test_sign_success:test_custodial:110 - 

GOERLI--GoerliETH--GOERLI share账户转账 nativecoin
0x24ca55d569ca99ae648949147ccb3e0024ec1098--0.049519415300795316
0xc6fa48ed0e149a74718cc0a3ebd37611f3bcb3e98356dfaf0d2ec1e65d3dd479


2023-01-06 15:47:08.159 | ERROR    | Common.Http:holders:427 - 
<-----Query Holders Response Error----->
{"timestamp":"2023-01-06T07:47:08.443+00:00","path":"/core/api/assets//holders/","status":500,"error":"Internal Server Error","message":"","requestId":"37212b66-202024"}


2023-01-06 16:31:42.605 | ERROR    | Test_active_transfer:test_custodial:53 - 
safe账户
0xf4c4b7803447dc6d3a00ed765e10fdb1bfa1ec23


2023-01-06 19:12:08.769 | ERROR    | Common.Http:holders:427 - 
<-----Query Holders Response Error----->
{"timestamp":"2023-01-06T11:12:08.913+00:00","path":"/escrow/api/proxy/assets/holders/","status":500,"error":"Internal Server Error","message":"","requestId":"06088d98-232683"}


