2022-12-19 15:05:55.830 | ERROR    | Common.Httpcore:core_send:239 - 
<-----Core Send Response Error----->{"code":2400000,"message":"INTERNAL: 500 - {\"result\":null,\"error\":{\"code\":-26,\"message\":\"txn-mempool-conflict\"},\"id\":1671433555848}"}
2022-12-19 15:16:03.415 | ERROR    | Common.Httpcore:core_build:178 - 
<-----Core Build Response Error----->{"code":2300000,"message":"No enum constant io.cryptoless.core.enums.TransType.TOKEN_TRANSFER_TRANSACTION"}
2022-12-19 15:17:20.956 | ERROR    | Common.Httpcore:core_build:178 - 
<-----Core Build Response Error----->{"code":2100000,"message":"to and value must exist at the same time"}
2022-12-19 15:18:11.335 | ERROR    | Common.Httpcore:core_build:178 - 
<-----Core Build Response Error----->{"code":2100000,"message":"to and value must exist at the same time"}
2022-12-19 15:19:07.585 | ERROR    | Common.Httpcore:core_build:178 - 
<-----Core Build Response Error----->{"code":2100000,"message":"to and value must exist at the same time"}
2022-12-19 15:19:30.088 | ERROR    | Common.Httpcore:core_build:178 - 
<-----Core Build Response Error----->{"code":2100000,"message":"to and value must exist at the same time"}
2022-12-19 15:24:15.475 | ERROR    | Common.Httpcore:core_build:178 - 
<-----Core Build Response Error----->{"code":2300000,"message":"No enum constant io.cryptoless.core.enums.TransType.MULTISEND_TRANSACTION"}
2022-12-19 15:59:57.019 | ERROR    | Common.Http:holders:431 - 
<-----Query Holders Response Error----->
{"timestamp":"2022-12-19T07:59:56.998Z","status":404,"error":"Not Found","message":"","path":"/escrow/api/assets/holders/"}


2022-12-19 18:05:00.894 | ERROR    | test_success:test_custodial:90 - 

BTC--BTC--BTC safe账户转账
tb1qxrunvz3ywjtpzaasfgjjek96a33sxks740v58x7lzke0kc9urvgs0cczgd--0.00096728
2bc9d581453a86861f2bfeb0712b43e88458abae47286d00823bab876a2bbeb9


2022-12-19 18:19:57.516 | ERROR    | test_success:test_custodial:90 - 

GOERLI--GoerliETH--GOERLI safe账户转账 nativecoin
0x9D055026eB8D83eF561D5D8084F2DD02e7AD2C17--0.007531354499039036
0x1042dc3951e79f6869b43645f1dd4e4f39a6648e9581748ae3176c4ff462fecb


2022-12-19 18:20:28.317 | ERROR    | test_success:test_custodial:90 - 

GOERLI--USDCC--GOERLI safe账户转账 erc20coin
0x9D055026eB8D83eF561D5D8084F2DD02e7AD2C17--0.876508
0x9bd4909fa6fa331ef28e1c2a22432605814ccab44453dfd4dd0a2d461e7fc3f0


2022-12-19 18:22:55.776 | ERROR    | Test_c_t:test_safe:49 - 
safe账户
0x347536a890735fcd613d0549d236ebd4c203146b


2022-12-19 18:25:57.537 | ERROR    | Test_c_t:test_safe:49 - 
safe账户
0x94bd1d13256f734c8b2e0c30aa219f328a47d8ce


2022-12-19 18:27:34.203 | ERROR    | test_success:test_custodial:90 - 

GOERLI--USDCC--GOERLI safe账户转账 erc20coin
0x94bd1d13256f734c8b2e0c30aa219f328a47d8ce--1
0x3fd706d146834fd7879f0b896488c2b86d1780487f61992e80c59a30f40021b8


2022-12-19 18:29:49.810 | ERROR    | test_success:test_custodial:90 - 

GOERLI--GoerliETH--GOERLI safe账户转账 nativecoin
0x9D055026eB8D83eF561D5D8084F2DD02e7AD2C17--0.007410934265729119
0x04da0bc3b85d15c048df1ce1a567fd668084f4eb23d2be3c5e07ec398490ac76


2022-12-19 18:30:46.309 | ERROR    | test_success:test_custodial:90 - 

GOERLI--USDCC--GOERLI safe账户转账 erc20coin
0x9D055026eB8D83eF561D5D8084F2DD02e7AD2C17--0.753508
0xc46164057f3fa9183105bcf1cf7a01ce70a21eb9f38e385be6b40a91e5d929a8


