2022-12-15 10:41:30.716 | ERROR    | test_success:test_custodial:87 - 

BTC--BTC--BTC share账户转账
tb1q4t8jtp4fwjg4spfjh7ux5ckhrallj652kwrj48gcvd0rt5g9ea3q4vlm33--0.0009878
7093a2184e4c6ffef0b705d32733a413383912063fd32f2463f1b1647d81502a


2022-12-15 14:41:46.151 | ERROR    | test_success:test_custodial:90 - 

GOERLI--GoerliETH--GOERLI safe账户转账 nativecoin
0x3294e1cf5f0a0a835ecb424fe09437879a18bda6--0.002
0x5872277a006c11cba55d2e0e52de9f3cd1482bc96609e25d66432214ea1f70e0


2022-12-15 14:42:39.796 | ERROR    | Test_c_t:test_safe:49 - 
safe账户
0xc53ce86d5b3fcf72963df2faa0856a3d9bc7a1ae


2022-12-15 15:40:15.249 | ERROR    | Common.Http:holders:431 - 
<-----Query Holders Response Error----->
{"timestamp":"2022-12-15T07:40:15.227+00:00","path":"/escrow/api//proxy/core/api/assets/holders/","status":503,"error":"Service Unavailable","message":"","requestId":"62512e38-5278"}


2022-12-15 15:48:37.333 | ERROR    | test_success:test_custodial:90 - 

GOERLI--USDCC--GOERLI safe账户转账 erc20coin
0xc53ce86d5b3fcf72963df2faa0856a3d9bc7a1ae--1
0xecdf1268214040dd32b42ad40bf5228dec076d838e010bacf71c3c72ab59a582


2022-12-15 16:05:36.482 | ERROR    | Common.Http:create_safe_account:169 - 
<-----Create account Response Error----->
{"code":2100000,"message":"the number of accounts reaches the maximum"}


2022-12-15 16:19:45.483 | ERROR    | Test_c_t:test_safe:49 - 
safe账户
0xa3895115b09ecb44c922f38755ad89eb66ea9151


2022-12-15 19:00:24.507 | ERROR    | test_create_success:test_create_account_safe:67 - 

Goerli创建2-2安全账户 全custodial
0x06a41de6b2841c253526f9e08e557741e0b48d7f
2022-12-15 19:22:16.772 | ERROR    | test_create_success:test_create_account_safe:67 - 

Goerli创建2-2安全账户 全custodial
0x47b4f852a5dfb79696b2f2c9cca95d2393dcf4c1
2022-12-15 19:25:10.042 | ERROR    | Test_c_t:test_safe:49 - 
safe账户
0x76c8ffe5ac7fdd69f346c45788ee2260c62fc240


2022-12-15 19:29:18.410 | ERROR    | test_success:test_custodial:90 - 

GOERLI--GoerliETH--GOERLI safe账户转账 nativecoin
0x76c8ffe5ac7fdd69f346c45788ee2260c62fc240--0.002
0x70337905ca6b74d1759eb2fe61f172a4b39fdc5baad5031e26db79c5d5bb11a5


2022-12-15 19:31:45.858 | ERROR    | test_success:test_custodial:90 - 

GOERLI--GoerliETH--GOERLI safe账户转账 nativecoin
0x76c8ffe5ac7fdd69f346c45788ee2260c62fc240--0.004
0x8550066f00ef0ca19db9668b44ccf5c3de9e1c6497ee93f2db0b52a7ba26bc01


2022-12-15 19:33:20.170 | ERROR    | Common.Httpcore:core_build:141 - 
<-----Core Build Response Error----->{"code":2400000,"message":"INTERNAL: Returned error: err: insufficient funds for gas * price + value: address 0x3d7f18Ad2cEa9B59E54dFAf09b327C1CCd899591 have 2885285876239008 want 4000000000000000 \u0028supplied gas 275010499\u0029"}
2022-12-15 19:34:57.309 | ERROR    | Test_c_t:test_safe:49 - 
safe账户
0xe2df250c04b9ce7a512819b368e9c74b12ad833d


2022-12-15 19:36:23.880 | ERROR    | test_success:test_custodial:90 - 

GOERLI--USDCC--GOERLI safe账户转账 erc20coin
0xE2dF250C04b9CE7A512819b368e9C74b12Ad833d--1
0xbc0c9534450b8d441790f8d4da5ece0fcf40863330797db0b76e7c3bb71595f1


2022-12-15 19:39:25.881 | ERROR    | test_success:test_custodial:90 - 

GOERLI--USDCC--GOERLI safe账户转账 erc20coin
0xE2dF250C04b9CE7A512819b368e9C74b12Ad833d--1
0x91d2cdc64e16ba192217a75bf636d010b6272a7df5e84c41f4ffc18d99bfab0b


2022-12-15 19:42:10.002 | ERROR    | Test_c_t:test_safe:49 - 
safe账户
0xfc797c6e5c08b316bab6c0dc87effcfdd2d7eba2


2022-12-15 19:50:49.719 | ERROR    | test_success:test_custodial:90 - 

GOERLI--GoerliETH--GOERLI safe账户转账 nativecoin
0x9D055026eB8D83eF561D5D8084F2DD02e7AD2C17--0.007771354499039035
0x16a3654a6504d31fb97d57885e598b318f4c4a1185f6b0f5ad0130f5ac19ec6b


2022-12-15 19:52:56.393 | ERROR    | test_success:test_custodial:90 - 

GOERLI--USDCC--GOERLI safe账户转账 erc20coin
0x9D055026eB8D83eF561D5D8084F2DD02e7AD2C17--0.999631
0xb331f7e6779755533d5a12d6895dac4c2956636efeff050ded248edaa700dca0


