2022-12-05 10:37:33.542 | ERROR    | Common.Httpcore:core_send:180 - 
<-----Core Send Response Error----->{"code":2400000,"message":"INTERNAL: 500 - {\"result\":null,\"error\":{\"code\":-26,\"message\":\"non-mandatory-script-verify-flag \u0028Witness program hash mismatch\u0029\"},\"id\":1670207856613}"}
2022-12-05 10:46:32.132 | ERROR    | Common.Httpcore:core_build:138 - 
<-----Core Build Response Error----->{"code":2400000,"message":"INTERNAL: Returned error: execution reverted"}
2022-12-05 11:22:57.999 | ERROR    | Common.Httpcore:core_send:180 - 
<-----Core Send Response Error----->{"code":2400000,"message":"INTERNAL: 500 - {\"result\":null,\"error\":{\"code\":-26,\"message\":\"non-mandatory-script-verify-flag \u0028Witness program hash mismatch\u0029\"},\"id\":1670210581039}"}
2022-12-05 11:27:03.512 | ERROR    | Common.Httpcore:core_send:180 - 
<-----Core Send Response Error----->{"code":2400000,"message":"INTERNAL: 500 - {\"result\":null,\"error\":{\"code\":-26,\"message\":\"non-mandatory-script-verify-flag \u0028Witness program hash mismatch\u0029\"},\"id\":1670210826556}"}
2022-12-05 11:33:25.753 | ERROR    | Common.Httpcore:core_send:180 - 
<-----Core Send Response Error----->{"code":2400000,"message":"INTERNAL: 500 - {\"result\":null,\"error\":{\"code\":-26,\"message\":\"non-mandatory-script-verify-flag \u0028Witness program hash mismatch\u0029\"},\"id\":1670211208783}"}
2022-12-05 11:48:57.682 | ERROR    | Common.Httpcore:core_build:138 - 
<-----Core Build Response Error----->{"code":2400000,"message":"INTERNAL: Returned error: execution reverted"}
2022-12-05 17:10:43.737 | ERROR    | Common.Httpcore:core_send:180 - 
<-----Core Send Response Error----->{"code":2400000,"message":"INTERNAL: 500 - {\"result\":null,\"error\":{\"code\":-26,\"message\":\"non-mandatory-script-verify-flag \u0028Witness program hash mismatch\u0029\"},\"id\":1670231446363}"}
2022-12-05 17:31:42.312 | ERROR    | Common.Httpcore:core_build:138 - 
<-----Core Build Response Error----->{"code":1100000,"message":"Bad Request"}
2022-12-05 17:35:33.926 | ERROR    | Common.Httpcore:core_send:180 - 
<-----Core Send Response Error----->{"code":2300000,"message":"transaction status change cannot be send"}
2022-12-05 17:38:33.556 | ERROR    | Common.Httpcore:core_send:180 - 
<-----Core Send Response Error----->{"code":2300000,"message":"transaction status change cannot be send"}
