2022-12-22 10:42:04.137 | ERROR    | Common.Httpcore:core_instructions:196 - 
<-----Core Instructions Response Error----->{"code":2400000,"message":"INVALID_ARGUMENT: Time point found"}
2022-12-22 10:43:40.878 | ERROR    | Common.Httpcore:core_instructions:196 - 
<-----Core Instructions Response Error----->{"code":2102001,"message":"insufficient CLV balance"}
2022-12-22 10:44:31.041 | ERROR    | Common.Httpcore:core_instructions:196 - 
<-----Core Instructions Response Error----->{"code":2102001,"message":"insufficient CLV balance"}
2022-12-22 11:16:43.366 | ERROR    | Common.Httpcore:core_send:238 - 
<-----Core Send Response Error----->{"code":2300000,"message":"transaction status change cannot be send"}
2022-12-22 11:25:11.915 | ERROR    | Common.Httpcore:holder:66 - 
<-----Core Holders Response Error----->{"timestamp":"2022-12-22T03:25:13.008+00:00","path":"/core/api/assets//holders","status":503,"error":"Service Unavailable","message":"","requestId":"c45f743d-5617"}
2022-12-22 11:45:03.994 | ERROR    | Common.Httpcore:core_send:238 - 
<-----Core Send Response Error----->{"code":2300000,"message":"transaction status change cannot be send"}
2022-12-22 11:48:25.734 | ERROR    | Common.Httpcore:core_send:238 - 
<-----Core Send Response Error----->{"code":2300000,"message":"transaction status change cannot be send"}
2022-12-22 16:07:11.083 | ERROR    | Common.Httpcore:core_instructions:214 - 
<-----Core Instructions Response Error----->{"code":2100000,"message":"amount too big"}
2022-12-22 16:07:44.216 | ERROR    | Common.Httpcore:core_instructions:214 - 
<-----Core Instructions Response Error----->{"code":2100000,"message":"amount too big"}
2022-12-22 16:15:58.616 | ERROR    | Common.Httpcore:core_delegators:84 - 
<-----Core Delegators Response Error----->{"code":2300000,"message":"syntax error, expect {, actual error, pos 0, fastjson-version 1.2.73"}
2022-12-22 16:18:25.620 | ERROR    | Common.Httpcore:core_delegators:84 - 
<-----Core Delegators Response Error----->{"code":2300000,"message":"syntax error, expect {, actual error, pos 0, fastjson-version 1.2.73"}
2022-12-22 16:23:50.993 | ERROR    | Common.Httpcore:core_delegators:84 - 
<-----Core Delegators Response Error----->{"code":2300000,"message":"syntax error, expect {, actual error, pos 0, fastjson-version 1.2.73"}
2022-12-22 16:26:12.251 | ERROR    | Common.Httpcore:core_sign:237 - 
<-----Core Sign Response Error----->{"code":2100000,"message":"invalid signature 93267dfa1805a0035773d143e73e28c04a513a3600068ce7e8fa14753dc7e033348068cb3e438e8d06ae3da89bebcb3b1a9b78b29d6bc9e74991d89aa0046daa00"}
2022-12-22 16:38:39.790 | ERROR    | Common.Httpcore:core_sign:237 - 
<-----Core Sign Response Error----->{"code":2100000,"message":"invalid signature 93267dfa1805a0035773d143e73e28c04a513a3600068ce7e8fa14753dc7e033348068cb3e438e8d06ae3da89bebcb3b1a9b78b29d6bc9e74991d89aa0046daa00"}
2022-12-22 16:43:38.736 | ERROR    | Common.Httpcore:core_delegators:84 - 
<-----Core Delegators Response Error----->{"code":2300000,"message":"syntax error, expect {, actual error, pos 0, fastjson-version 1.2.73"}
2022-12-22 17:03:32.340 | ERROR    | Common.Httpcore:core_instructions:214 - 
<-----Core Instructions Response Error----->{"timestamp":"2022-12-22T09:03:32.366+00:00","path":"/simple/api/instructions/","status":503,"error":"Service Unavailable","message":"","requestId":"21ffcf66-6069"}
2022-12-22 17:07:58.918 | ERROR    | Common.Httpcore:core_instructions:214 - 
<-----Core Instructions Response Error----->{"code":2400000,"message":"INVALID_ARGUMENT: Time point found"}
2022-12-22 17:21:40.614 | ERROR    | Common.Httpcore:core_instructions:214 - 
<-----Core Instructions Response Error----->{"code":2200000,"message":"account not found"}
2022-12-22 17:26:53.554 | ERROR    | Common.Httpcore:core_instructions:214 - 
<-----Core Instructions Response Error----->{"code":2400000,"message":"INVALID_ARGUMENT: Time point found"}
2022-12-22 17:37:10.558 | ERROR    | Common.Httpcore:core_instructions:214 - 
<-----Core Instructions Response Error----->{"code":2102001,"message":"insufficient CLV balance"}
2022-12-22 18:20:01.053 | ERROR    | test_create_success:test_create_account_safe:67 - 

Goerli创建2-2安全账户 全custodial
0x307f6b819c234664d6dbd27562e32b684a29909e
