2022-07-27 10:09:55.838 | ERROR    | Common.Http_Enhancedapi:get_tokenInfo_ethplorer:45 - 
<-----Query tokenInfo Response Error----->{"error":{"code":150,"message":"Address is not a token contract"}}
2022-07-27 10:09:59.013 | ERROR    | Common.Http_Enhancedapi:get_tokenInfo_ethplorer:45 - 
<-----Query tokenInfo Response Error----->{"error":{"code":150,"message":"Address is not a token contract"}}
2022-07-27 10:10:01.067 | ERROR    | Common.Http_Enhancedapi:get_tokenInfo_ethplorer:45 - 
<-----Query tokenInfo Response Error----->{"error":{"code":150,"message":"Address is not a token contract"}}
2022-07-27 10:10:06.415 | ERROR    | Common.Http_Enhancedapi:get_tokenInfo_ethplorer:45 - 
<-----Query tokenInfo Response Error----->{"error":{"code":150,"message":"Address is not a token contract"}}
2022-07-27 10:10:13.963 | ERROR    | Common.Http_Enhancedapi:get_tokenInfo_ethplorer:45 - 
<-----Query tokenInfo Response Error----->{"error":{"code":150,"message":"Address is not a token contract"}}
2022-07-27 10:10:26.576 | ERROR    | Common.Http_Enhancedapi:get_tokenInfo_ethplorer:45 - 
<-----Query tokenInfo Response Error----->{"error":{"code":150,"message":"Address is not a token contract"}}
2022-07-27 10:10:28.915 | ERROR    | Common.Http_Enhancedapi:get_tokenInfo_ethplorer:45 - 
<-----Query tokenInfo Response Error----->{"error":{"code":150,"message":"Address is not a token contract"}}
2022-07-27 10:10:30.963 | ERROR    | Common.Http_Enhancedapi:get_tokenInfo_ethplorer:45 - 
<-----Query tokenInfo Response Error----->{"error":{"code":150,"message":"Address is not a token contract"}}
2022-07-27 15:34:28.217 | ERROR    | test_enhanced_api_success:test_balance:159 - 41338495405904860081410
2022-07-27 15:34:28.217 | ERROR    | test_enhanced_api_success:test_balance:160 - 41338479031974019620454
2022-07-27 15:34:29.028 | ERROR    | Common.Httprpc:eth_call:73 - 
<-----eth_call Response Error----->
400
{"jsonrpc":"2.0","error":{"code":-32602,"message":"invalid 1st argument: transaction 'data': value was not valid hexadecimal"},"id":1}
2022-07-27 15:34:30.046 | ERROR    | Common.Httprpc:eth_call:73 - 
<-----eth_call Response Error----->
400
{"jsonrpc":"2.0","error":{"code":-32602,"message":"invalid 1st argument: transaction 'data': value was not valid hexadecimal"},"id":1}
2022-07-27 15:34:31.099 | ERROR    | Common.Httprpc:eth_call:73 - 
<-----eth_call Response Error----->
400
{"jsonrpc":"2.0","error":{"code":-32602,"message":"invalid 1st argument: transaction 'data': value was not valid hexadecimal"},"id":1}
2022-07-27 15:47:23.156 | ERROR    | test_enhanced_api_success:test_balance:159 - 41296164731333700290793
2022-07-27 15:47:23.157 | ERROR    | test_enhanced_api_success:test_balance:160 - 41296164731333700290793
2022-07-27 16:05:56.097 | ERROR    | test_enhanced_api_success:test_balance:159 - 41170529152386725125944
2022-07-27 16:05:56.098 | ERROR    | test_enhanced_api_success:test_balance:160 - 41170529152386725125944
2022-07-27 16:16:14.919 | ERROR    | test_enhanced_api_success:test_balance:159 - 41144597327164059606165
2022-07-27 16:16:14.920 | ERROR    | test_enhanced_api_success:test_balance:160 - 41144597327164059606165
2022-07-27 16:16:15.839 | ERROR    | test_enhanced_api_success:test_balance:159 - 190700881620000000
2022-07-27 16:16:15.840 | ERROR    | test_enhanced_api_success:test_balance:160 - 190700881620000000
2022-07-27 16:16:16.620 | ERROR    | test_enhanced_api_success:test_balance:159 - 79356137764976995
2022-07-27 16:16:16.621 | ERROR    | test_enhanced_api_success:test_balance:160 - 79356137764976995
2022-07-27 16:16:17.478 | ERROR    | test_enhanced_api_success:test_balance:159 - 0
2022-07-27 16:16:17.478 | ERROR    | test_enhanced_api_success:test_balance:160 - 0
2022-07-27 16:16:18.400 | ERROR    | test_enhanced_api_success:test_balance:159 - 10983764515765799
2022-07-27 16:16:18.401 | ERROR    | test_enhanced_api_success:test_balance:160 - 10983764515765799
2022-07-27 16:16:19.322 | ERROR    | test_enhanced_api_success:test_balance:159 - 38451722529576140067
2022-07-27 16:16:19.322 | ERROR    | test_enhanced_api_success:test_balance:160 - 38451722529576140067
2022-07-27 16:16:20.346 | ERROR    | test_enhanced_api_success:test_balance:159 - 7558170499767448844
2022-07-27 16:16:20.347 | ERROR    | test_enhanced_api_success:test_balance:160 - 7558170499767448844
2022-07-27 16:16:21.216 | ERROR    | test_enhanced_api_success:test_balance:159 - 692222434640373341514
2022-07-27 16:16:21.217 | ERROR    | test_enhanced_api_success:test_balance:160 - 692222434640373341514
2022-07-27 16:16:21.959 | ERROR    | test_enhanced_api_success:test_balance:159 - 133873547180180147482
2022-07-27 16:16:21.959 | ERROR    | test_enhanced_api_success:test_balance:160 - 133873547180180147482
2022-07-27 16:16:22.859 | ERROR    | test_enhanced_api_success:test_balance:159 - 2186294022197741085
2022-07-27 16:16:22.860 | ERROR    | test_enhanced_api_success:test_balance:160 - 2186294022197741085
2022-07-27 16:16:23.763 | ERROR    | test_enhanced_api_success:test_balance:159 - 1686003393829170089194
2022-07-27 16:16:23.764 | ERROR    | test_enhanced_api_success:test_balance:160 - 1686003393829170089194
2022-07-27 16:16:24.749 | ERROR    | test_enhanced_api_success:test_balance:159 - 888459104039370
2022-07-27 16:16:24.750 | ERROR    | test_enhanced_api_success:test_balance:160 - 888459104039370
2022-07-27 16:16:25.542 | ERROR    | test_enhanced_api_success:test_balance:159 - 848160117868028
2022-07-27 16:16:25.543 | ERROR    | test_enhanced_api_success:test_balance:160 - 848160117868028
2022-07-27 16:16:26.389 | ERROR    | test_enhanced_api_success:test_balance:159 - 0
2022-07-27 16:16:26.389 | ERROR    | test_enhanced_api_success:test_balance:160 - 0
2022-07-27 16:16:27.337 | ERROR    | test_enhanced_api_success:test_balance:159 - 24846754696830963365185
2022-07-27 16:16:27.337 | ERROR    | test_enhanced_api_success:test_balance:160 - 24846754696830963365185
2022-07-27 16:16:28.132 | ERROR    | test_enhanced_api_success:test_balance:159 - 14978454095188756321
2022-07-27 16:16:28.132 | ERROR    | test_enhanced_api_success:test_balance:160 - 14978454095188756321
2022-07-27 16:16:29.664 | ERROR    | test_enhanced_api_success:test_balance:159 - 24698392006081854603380
2022-07-27 16:16:29.664 | ERROR    | test_enhanced_api_success:test_balance:160 - 24698392006081854603380
2022-07-27 16:16:30.392 | ERROR    | test_enhanced_api_success:test_balance:159 - 135469110773811440553
2022-07-27 16:16:30.392 | ERROR    | test_enhanced_api_success:test_balance:160 - 135469110773811440553
2022-07-27 16:16:31.714 | ERROR    | test_enhanced_api_success:test_balance:159 - 254748713391058227
2022-07-27 16:16:31.715 | ERROR    | test_enhanced_api_success:test_balance:160 - 254748713391058227
2022-07-27 16:16:32.634 | ERROR    | test_enhanced_api_success:test_balance:159 - 57532054335000
2022-07-27 16:16:32.635 | ERROR    | test_enhanced_api_success:test_balance:160 - 57532054335000
