2022-06-13 11:01:13.272 | ERROR    | Common.Http:get_holders:113 - Holsers 查询失败！
2022-06-13 11:01:13.272 | ERROR    | Common.Http:get_holders:114 - Response | {"code":2000000,"message":"Unauthorized"}
2022-06-13 11:03:40.942 | ERROR    | Common.Http:post_transfers:141 - transfers 交易失败！
2022-06-13 11:03:40.946 | ERROR    | Common.Http:post_transfers:142 - Response | {"code":2300000,"message":"invalid address"}
2022-06-13 11:47:03.195 | ERROR    | Common.Http:post_transfers:141 - transfers 交易失败！
2022-06-13 11:47:03.197 | ERROR    | Common.Http:post_transfers:142 - Response | {"code":2300000,"message":"invalid address"}
2022-06-13 11:47:45.448 | ERROR    | Common.Http:post_transfers:141 - transfers 交易失败！
2022-06-13 11:47:45.449 | ERROR    | Common.Http:post_transfers:142 - Response | {"code":2300000,"message":"invalid address"}
2022-06-13 11:49:14.264 | ERROR    | Common.Http:post_transfers:141 - transfers 交易失败！
2022-06-13 11:49:14.265 | ERROR    | Common.Http:post_transfers:142 - Response | {"code":2300000,"message":"invalid address"}
2022-06-13 11:59:31.512 | ERROR    | Common.Http:post_transfers:143 - transfers 交易失败！
2022-06-13 11:59:31.512 | ERROR    | Common.Http:post_transfers:144 - Response | {"code":2300000,"message":"invalid address"}
2022-06-13 11:59:47.111 | ERROR    | Common.Http:post_transfers:143 - transfers 交易失败！
2022-06-13 11:59:47.112 | ERROR    | Common.Http:post_transfers:144 - Response | {"code":2300000,"message":"invalid address"}
2022-06-13 12:00:25.921 | ERROR    | Common.Http:post_transfers:143 - transfers 交易失败！
2022-06-13 12:00:25.922 | ERROR    | Common.Http:post_transfers:144 - Response | {"code":2300000,"message":"invalid address"}
2022-06-13 12:02:06.280 | ERROR    | Common.Http:post_transfers:143 - transfers 交易失败！
2022-06-13 12:02:06.280 | ERROR    | Common.Http:post_transfers:144 - Response | {"code":1200001,"message":"feign io fail"}
2022-06-13 13:53:40.334 | ERROR    | Common.Http:post_transfers:145 - transfers 交易失败！
2022-06-13 13:53:40.339 | ERROR    | Common.Http:post_transfers:146 - Response | {"code":2300000,"message":"invalid address"}
2022-06-13 13:54:33.128 | ERROR    | Common.Http:post_transfers:145 - transfers 交易失败！
2022-06-13 13:54:33.128 | ERROR    | Common.Http:post_transfers:146 - Response | {"code":2300000,"message":"invalid address"}
2022-06-13 14:06:21.302 | ERROR    | Common.Http:post_sign_transfers:182 - Sign 签名失败！
2022-06-13 14:06:21.303 | ERROR    | Common.Http:post_sign_transfers:183 - Response | {"code":2100000,"message":"signatures[0].publicKey:not empty"}
2022-06-13 14:08:09.242 | ERROR    | Common.Http:post_sign_transfers:182 - Sign 签名失败！
2022-06-13 14:08:09.243 | ERROR    | Common.Http:post_sign_transfers:183 - Response | {"code":2100000,"message":"signatures[0].publicKey:not empty"}
2022-06-13 14:08:21.752 | ERROR    | Common.Http:post_sign_transfers:182 - Sign 签名失败！
2022-06-13 14:08:21.753 | ERROR    | Common.Http:post_sign_transfers:183 - Response | {"code":2100000,"message":"signatures[0].publicKey:not empty"}
2022-06-13 14:08:43.676 | ERROR    | Common.Http:post_sign_transfers:182 - Sign 签名失败！
2022-06-13 14:08:43.677 | ERROR    | Common.Http:post_sign_transfers:183 - Response | {"code":2100000,"message":"signatures[0].publicKey:not empty"}
2022-06-13 14:40:50.178 | ERROR    | Common.Http:post_transfers:145 - transfers 交易失败！
2022-06-13 14:40:50.179 | ERROR    | Common.Http:post_transfers:146 - Response | {"code":2400000,"message":"INTERNAL: Returned error: err: insufficient funds for gas * price + value: address 0x8591589a1D9e21073084329Dde89aB745c0F5A2e have 0 want 40 \u0028supplied gas 8407299\u0029"}
2022-06-13 14:41:53.404 | ERROR    | Common.Http:post_transfers:145 - transfers 交易失败！
2022-06-13 14:41:53.405 | ERROR    | Common.Http:post_transfers:146 - Response | {"code":2400000,"message":"INTERNAL: Returned error: err: insufficient funds for gas * price + value: address 0x8591589a1D9e21073084329Dde89aB745c0F5A2e have 0 want 90 \u0028supplied gas 8407299\u0029"}
2022-06-13 14:43:08.551 | ERROR    | Common.Http:post_transfers:145 - transfers 交易失败！
2022-06-13 14:43:08.552 | ERROR    | Common.Http:post_transfers:146 - Response | {"code":2400000,"message":"INTERNAL: Returned error: err: insufficient funds for gas * price + value: address 0x8591589a1D9e21073084329Dde89aB745c0F5A2e have 0 want 30 \u0028supplied gas 8407299\u0029"}
2022-06-13 14:43:52.906 | ERROR    | Common.Http:post_transfers:145 - transfers 交易失败！
2022-06-13 14:43:52.907 | ERROR    | Common.Http:post_transfers:146 - Response | {"code":2400000,"message":"INTERNAL: Returned error: err: insufficient funds for gas * price + value: address 0x8591589a1D9e21073084329Dde89aB745c0F5A2e have 0 want 60 \u0028supplied gas 8407299\u0029"}
2022-06-13 14:44:15.761 | ERROR    | Common.Http:post_transfers:145 - transfers 交易失败！
2022-06-13 14:44:15.761 | ERROR    | Common.Http:post_transfers:146 - Response | {"code":2400000,"message":"INTERNAL: Returned error: err: insufficient funds for gas * price + value: address 0x8591589a1D9e21073084329Dde89aB745c0F5A2e have 0 want 50 \u0028supplied gas 8407299\u0029"}
2022-06-13 14:44:32.519 | ERROR    | Common.Http:post_transfers:145 - transfers 交易失败！
2022-06-13 14:44:32.520 | ERROR    | Common.Http:post_transfers:146 - Response | {"code":2400000,"message":"INTERNAL: Returned error: err: insufficient funds for gas * price + value: address 0x8591589a1D9e21073084329Dde89aB745c0F5A2e have 0 want 10 \u0028supplied gas 8407299\u0029"}
2022-06-13 14:45:20.852 | ERROR    | Common.Http:post_transfers:145 - transfers 交易失败！
2022-06-13 14:45:20.853 | ERROR    | Common.Http:post_transfers:146 - Response | {"code":2400000,"message":"INTERNAL: Returned error: err: insufficient funds for gas * price + value: address 0x8591589a1D9e21073084329Dde89aB745c0F5A2e have 0 want 50 \u0028supplied gas 8407299\u0029"}
2022-06-13 14:49:22.305 | ERROR    | Common.Http:post_transfers:145 - transfers 交易失败！
2022-06-13 14:49:22.305 | ERROR    | Common.Http:post_transfers:146 - Response | {"code":2400000,"message":"INTERNAL: Returned error: err: insufficient funds for gas * price + value: address 0x44d9Ea428C4C1D097947A683439a60105281AAD7 have 0 want 50 \u0028supplied gas 8407299\u0029"}
2022-06-13 14:52:30.441 | ERROR    | Common.Http:post_transfers:145 - transfers 交易失败！
2022-06-13 14:52:30.445 | ERROR    | Common.Http:post_transfers:146 - Response | {"code":2400000,"message":"INTERNAL: Returned error: err: insufficient funds for gas * price + value: address 0x44d9Ea428C4C1D097947A683439a60105281AAD7 have 0 want 60 \u0028supplied gas 8407299\u0029"}
2022-06-13 14:55:11.096 | ERROR    | Common.Http:post_transfers:145 - transfers 交易失败！
2022-06-13 14:55:11.097 | ERROR    | Common.Http:post_transfers:146 - Response | {"code":2400000,"message":"INTERNAL: Returned error: err: insufficient funds for gas * price + value: address 0x44d9Ea428C4C1D097947A683439a60105281AAD7 have 0 want 10 \u0028supplied gas 8407299\u0029"}
2022-06-13 14:55:15.893 | ERROR    | Common.Http:post_transfers:145 - transfers 交易失败！
2022-06-13 14:55:15.894 | ERROR    | Common.Http:post_transfers:146 - Response | {"code":2400000,"message":"INTERNAL: Returned error: err: insufficient funds for gas * price + value: address 0x44d9Ea428C4C1D097947A683439a60105281AAD7 have 0 want 10 \u0028supplied gas 8407299\u0029"}
2022-06-13 14:55:20.752 | ERROR    | Common.Http:post_transfers:145 - transfers 交易失败！
2022-06-13 14:55:20.754 | ERROR    | Common.Http:post_transfers:146 - Response | {"code":2400000,"message":"INTERNAL: Returned error: err: insufficient funds for gas * price + value: address 0x44d9Ea428C4C1D097947A683439a60105281AAD7 have 0 want 10 \u0028supplied gas 8407299\u0029"}
2022-06-13 15:09:36.588 | ERROR    | Common.Http:post_transfers:145 - transfers 交易失败！
2022-06-13 15:09:36.589 | ERROR    | Common.Http:post_transfers:146 - Response | {"code":2300000,"message":"invalid address"}
2022-06-13 15:10:13.044 | ERROR    | Common.Http:post_transfers:145 - transfers 交易失败！
2022-06-13 15:10:13.045 | ERROR    | Common.Http:post_transfers:146 - Response | {"code":2300000,"message":"invalid address"}
2022-06-13 15:11:14.083 | ERROR    | Common.Http:post_transfers:145 - transfers 交易失败！
2022-06-13 15:11:14.084 | ERROR    | Common.Http:post_transfers:146 - Response | {"code":2300000,"message":"invalid address"}
2022-06-13 15:13:24.489 | ERROR    | Common.Http:post_transfers:145 - transfers 交易失败！
2022-06-13 15:13:24.492 | ERROR    | Common.Http:post_transfers:146 - Response | {"code":2300000,"message":"invalid address"}
2022-06-13 15:14:44.501 | ERROR    | Common.Http:post_sign_transfers:182 - Sign 签名失败！
2022-06-13 15:14:44.502 | ERROR    | Common.Http:post_sign_transfers:183 - Response | {"code":2100000,"message":"signatures[0].publicKey:not empty"}
2022-06-13 15:22:25.743 | ERROR    | Common.Http:post_sign_transfers:182 - Sign 签名失败！
2022-06-13 15:22:25.744 | ERROR    | Common.Http:post_sign_transfers:183 - Response | {"code":2100000,"message":"signatures[0].publicKey:not empty"}
2022-06-13 15:25:17.915 | ERROR    | Common.Http:post_sign_transfers:182 - Sign 签名失败！
2022-06-13 15:25:17.916 | ERROR    | Common.Http:post_sign_transfers:183 - Response | {"code":2100000,"message":"signatures[0].publicKey:not empty"}
2022-06-13 15:27:29.233 | ERROR    | Common.Http:post_sign_transfers:182 - Sign 签名失败！
2022-06-13 15:27:29.233 | ERROR    | Common.Http:post_sign_transfers:183 - {"estimatedFee": "31500000105000", "hash": "", "id": "1536248875937361922", "networkCode": "ETH", "requiredSignings": [{"hash": "3b6ea19f7ad5466f5ef83fe211561f6df8dd3ed81e96b7f360bee8e3a267e2c5", "publicKeys": ["02b2a4911e34a182981cb37df1ab2f05b39b9977e0699e15a0f59711367c5454ac"], "threshold": 1}], "serialized": "e3168459682f058252089444d9ea428c4c1d097947a683439a60105281aad73c80808080", "signatures": [{"hash": "3b6ea19f7ad5466f5ef83fe211561f6df8dd3ed81e96b7f360bee8e3a267e2c5", "publickeys": ["02b2a4911e34a182981cb37df1ab2f05b39b9977e0699e15a0f59711367c5454ac"], "signature": "fe49d5213d0fe01810e5a864d9ad38a72802218ec260d3ad185f03b61429dfa66d4b99544c65424d19bad326749c738e64fed535732284d3aba13cfafee6ceb600"}], "status": "BUILDING"}
2022-06-13 15:27:29.234 | ERROR    | Common.Http:post_sign_transfers:184 - Response | {"code":2100000,"message":"signatures[0].publicKey:not empty"}
2022-06-13 15:29:37.716 | ERROR    | Common.Http:post_sign_transfers:182 - Sign 签名失败！
2022-06-13 15:29:37.717 | ERROR    | Common.Http:post_sign_transfers:183 - {"estimatedFee": "31500000105000", "hash": "", "id": "1536249415287107586", "networkCode": "ETH", "requiredSignings": [{"hash": "0cf9ef235c8e4d6b429946c888c275bf0c84cb614bb417f6a9ddcab8d88f4189", "publicKeys": ["02b2a4911e34a182981cb37df1ab2f05b39b9977e0699e15a0f59711367c5454ac"], "threshold": 1}], "serialized": "e3168459682f058252089444d9ea428c4c1d097947a683439a60105281aad75a80808080", "signatures": [{"hash": "0cf9ef235c8e4d6b429946c888c275bf0c84cb614bb417f6a9ddcab8d88f4189", "publickeys": ["02b2a4911e34a182981cb37df1ab2f05b39b9977e0699e15a0f59711367c5454ac"], "signature": "cfbce2d118627dfabd5b349789e94439fc4e4e0c18f5a02475c1d5091e76acee55ef8931d2203c7c19599d8b647933dc3d0385ae46a095a7b061c05bd04adeaf00"}], "status": "BUILDING"}
2022-06-13 16:21:43.647 | ERROR    | Common.Http:post_transfers:145 - transfers 交易失败！
2022-06-13 16:21:43.648 | ERROR    | Common.Http:post_transfers:146 - Response | {"code":2300000,"message":"invalid address"}
2022-06-13 16:24:19.522 | ERROR    | Common.Http:post_transfers:145 - transfers 交易失败！
2022-06-13 16:24:19.522 | ERROR    | Common.Http:post_transfers:146 - {"amount": 1, "definiteSignerPublicKeys": ["032de47c91516ffd2985965935841fa8243894b003886a1f478682da74a848db58"], "from": "aa13cq3lkmheswkz4d00vu4663267aw6tqjep3jy4", "networkCode": "IRIS", "to": "aa13cq3lkmheswkz4d00vu4663267aw6tqjep3jy4"}
2022-06-13 16:26:30.435 | ERROR    | Common.Http:post_transfers:145 - transfers 交易失败！
2022-06-13 16:26:30.437 | ERROR    | Common.Http:post_transfers:146 - {"amount": 1, "definiteSignerPublicKeys": ["032de47c91516ffd2985965935841fa8243894b003886a1f478682da74a848db58"], "from": "iaa13cq3lkmheswkz4d00vu4663267aw6tqjep3jy4", "networkCode": "IRIS", "to": "iaa13cq3lkmheswkz4d00vu4663267aw6tqjep3jy4"}
2022-06-13 16:27:31.775 | ERROR    | Common.Http:post_sign_transfers:183 - Sign 签名失败！
2022-06-13 16:27:31.776 | ERROR    | Common.Http:post_sign_transfers:184 - {"estimatedFee": "13616", "hash": "", "id": "1536263986806714370", "networkCode": "IRIS", "requiredSignings": [{"hash": "8ada5a55bcece5d734abfc60f7aafee432ca674794ccf52b124a815f7e079f33", "publicKeys": ["032de47c91516ffd2985965935841fa8243894b003886a1f478682da74a848db58"], "threshold": 1}], "serialized": "0a8d010a8a010a1c2f636f736d6f732e62616e6b2e763162657461312e4d736753656e64126a0a2a69616131336371336c6b6d686573776b7a3464303076753436363332363761773674716a6570336a7934122a69616131336371336c6b6d686573776b7a3464303076753436363332363761773674716a6570336a79341a100a05756972697312073130303030303012680a500a460a1f2f636f736d6f732e63727970746f2e736563703235366b312e5075624b657912230a21032de47c91516ffd2985965935841fa8243894b003886a1f478682da74a848db5812040a020801187912140a0e0a0575697269731205313336313610ee9304", "signatures": [{"hash": "8ada5a55bcece5d734abfc60f7aafee432ca674794ccf52b124a815f7e079f33", "publickeys": ["032de47c91516ffd2985965935841fa8243894b003886a1f478682da74a848db58"], "signature": "b8e9a86016afce0b3827ce3db0ef38a0a5b1295723969d6af6e5f5f992632c907184d8967ea3e793a0705b9b8881693492a45ec6a56d6a685e16b808d61a9cb501"}], "status": "BUILDING"}
2022-06-13 16:28:08.517 | ERROR    | Common.Http:post_sign_transfers:183 - Sign 签名失败！
2022-06-13 16:28:08.518 | ERROR    | Common.Http:post_sign_transfers:184 - {"estimatedFee": "13616", "hash": "", "id": "1536264140506984449", "networkCode": "IRIS", "requiredSignings": [{"hash": "8ada5a55bcece5d734abfc60f7aafee432ca674794ccf52b124a815f7e079f33", "publicKeys": ["032de47c91516ffd2985965935841fa8243894b003886a1f478682da74a848db58"], "threshold": 1}], "serialized": "0a8d010a8a010a1c2f636f736d6f732e62616e6b2e763162657461312e4d736753656e64126a0a2a69616131336371336c6b6d686573776b7a3464303076753436363332363761773674716a6570336a7934122a69616131336371336c6b6d686573776b7a3464303076753436363332363761773674716a6570336a79341a100a05756972697312073130303030303012680a500a460a1f2f636f736d6f732e63727970746f2e736563703235366b312e5075624b657912230a21032de47c91516ffd2985965935841fa8243894b003886a1f478682da74a848db5812040a020801187912140a0e0a0575697269731205313336313610ee9304", "signatures": [{"hash": "8ada5a55bcece5d734abfc60f7aafee432ca674794ccf52b124a815f7e079f33", "publickeys": ["032de47c91516ffd2985965935841fa8243894b003886a1f478682da74a848db58"], "signature": "b8e9a86016afce0b3827ce3db0ef38a0a5b1295723969d6af6e5f5f992632c907184d8967ea3e793a0705b9b8881693492a45ec6a56d6a685e16b808d61a9cb501"}], "status": "BUILDING"}
2022-06-13 16:28:08.519 | ERROR    | Common.Http:post_sign_transfers:185 - Response | {"code":2100000,"message":"signatures[0].publicKey:not empty"}
2022-06-13 16:48:03.916 | ERROR    | Common.Http:post_sign_transfers:184 - Sign 签名失败！
2022-06-13 16:48:03.917 | ERROR    | Common.Http:post_sign_transfers:185 - {"estimatedFee": "13616", "hash": "", "id": "1536269154960994305", "networkCode": "IRIS", "requiredSignings": [{"hash": "8ada5a55bcece5d734abfc60f7aafee432ca674794ccf52b124a815f7e079f33", "publicKeys": ["032de47c91516ffd2985965935841fa8243894b003886a1f478682da74a848db58"], "threshold": 1}], "serialized": "0a8d010a8a010a1c2f636f736d6f732e62616e6b2e763162657461312e4d736753656e64126a0a2a69616131336371336c6b6d686573776b7a3464303076753436363332363761773674716a6570336a7934122a69616131336371336c6b6d686573776b7a3464303076753436363332363761773674716a6570336a79341a100a05756972697312073130303030303012680a500a460a1f2f636f736d6f732e63727970746f2e736563703235366b312e5075624b657912230a21032de47c91516ffd2985965935841fa8243894b003886a1f478682da74a848db5812040a020801187912140a0e0a0575697269731205313336313610ee9304", "signatures": [{"hash": "8ada5a55bcece5d734abfc60f7aafee432ca674794ccf52b124a815f7e079f33", "publickeys": "032de47c91516ffd2985965935841fa8243894b003886a1f478682da74a848db58", "signature": "b8e9a86016afce0b3827ce3db0ef38a0a5b1295723969d6af6e5f5f992632c907184d8967ea3e793a0705b9b8881693492a45ec6a56d6a685e16b808d61a9cb501"}], "status": "BUILDING"}
2022-06-13 16:48:03.932 | ERROR    | Common.Http:post_sign_transfers:186 - Response | {"code":2100000,"message":"signatures[0].publicKey:not empty"}
2022-06-13 17:04:19.424 | ERROR    | Common.Http:post_sign_transfers:184 - Sign 签名失败！
2022-06-13 17:04:19.425 | ERROR    | Common.Http:post_sign_transfers:185 - {"estimatedFee": "13611", "hash": "", "id": "1536273245493719042", "networkCode": "IRIS", "requiredSignings": [{"hash": "36df8c32696f113a3c21f1495318c7d35a25afaa009a7957888d5207b20287a6", "publicKeys": ["032de47c91516ffd2985965935841fa8243894b003886a1f478682da74a848db58"], "threshold": 1}], "serialized": "0a8b010a88010a1c2f636f736d6f732e62616e6b2e763162657461312e4d736753656e6412680a2a69616131336371336c6b6d686573776b7a3464303076753436363332363761773674716a6570336a7934122a69616131336371336c6b6d686573776b7a3464303076753436363332363761773674716a6570336a79341a0e0a0575697269731205313030303012680a500a460a1f2f636f736d6f732e63727970746f2e736563703235366b312e5075624b657912230a21032de47c91516ffd2985965935841fa8243894b003886a1f478682da74a848db5812040a020801187a12140a0e0a0575697269731205313336313110d49304", "signatures": [{"hash": "36df8c32696f113a3c21f1495318c7d35a25afaa009a7957888d5207b20287a6", "publickeys": ["032de47c91516ffd2985965935841fa8243894b003886a1f478682da74a848db58"], "signature": "5fd03efdf50af61548e03602e39c818e7f86488f57d5066172c708a9798c7f7b33bc235640788427431ee3f9468084ebde10a938b56a20342eac3c3e3aeab24100"}], "status": "BUILDING"}
2022-06-13 17:04:19.427 | ERROR    | Common.Http:post_sign_transfers:186 - Response | {"code":2100000,"message":"signatures[0].publicKey:not empty"}
2022-06-13 17:05:50.765 | ERROR    | Common.Http:post_sign_transfers:184 - Sign 签名失败！
2022-06-13 17:05:50.766 | ERROR    | Common.Http:post_sign_transfers:185 - {"estimatedFee": "13611", "hash": "", "id": "1536273628421091329", "networkCode": "IRIS", "requiredSignings": [{"hash": "36df8c32696f113a3c21f1495318c7d35a25afaa009a7957888d5207b20287a6", "publicKeys": ["032de47c91516ffd2985965935841fa8243894b003886a1f478682da74a848db58"], "threshold": 1}], "serialized": "0a8b010a88010a1c2f636f736d6f732e62616e6b2e763162657461312e4d736753656e6412680a2a69616131336371336c6b6d686573776b7a3464303076753436363332363761773674716a6570336a7934122a69616131336371336c6b6d686573776b7a3464303076753436363332363761773674716a6570336a79341a0e0a0575697269731205313030303012680a500a460a1f2f636f736d6f732e63727970746f2e736563703235366b312e5075624b657912230a21032de47c91516ffd2985965935841fa8243894b003886a1f478682da74a848db5812040a020801187a12140a0e0a0575697269731205313336313110d49304", "signatures": [{"hash": "36df8c32696f113a3c21f1495318c7d35a25afaa009a7957888d5207b20287a6", "publickeys": ["032de47c91516ffd2985965935841fa8243894b003886a1f478682da74a848db58"], "signature": "5fd03efdf50af61548e03602e39c818e7f86488f57d5066172c708a9798c7f7b33bc235640788427431ee3f9468084ebde10a938b56a20342eac3c3e3aeab24100"}], "status": "BUILDING"}
2022-06-13 17:05:50.768 | ERROR    | Common.Http:post_sign_transfers:186 - Response | {"code":2100000,"message":"signatures[0].publicKey:not empty"}
2022-06-13 17:07:08.248 | ERROR    | Common.Http:post_sign_transfers:184 - Sign 签名失败！
2022-06-13 17:07:08.249 | ERROR    | Common.Http:post_sign_transfers:185 - {"estimatedFee": "13611", "hash": "", "id": "1536273954226237442", "networkCode": "IRIS", "requiredSignings": [{"hash": "36df8c32696f113a3c21f1495318c7d35a25afaa009a7957888d5207b20287a6", "publicKeys": ["032de47c91516ffd2985965935841fa8243894b003886a1f478682da74a848db58"], "threshold": 1}], "serialized": "0a8b010a88010a1c2f636f736d6f732e62616e6b2e763162657461312e4d736753656e6412680a2a69616131336371336c6b6d686573776b7a3464303076753436363332363761773674716a6570336a7934122a69616131336371336c6b6d686573776b7a3464303076753436363332363761773674716a6570336a79341a0e0a0575697269731205313030303012680a500a460a1f2f636f736d6f732e63727970746f2e736563703235366b312e5075624b657912230a21032de47c91516ffd2985965935841fa8243894b003886a1f478682da74a848db5812040a020801187a12140a0e0a0575697269731205313336313110d49304", "signatures": [{"hash": "36df8c32696f113a3c21f1495318c7d35a25afaa009a7957888d5207b20287a6", "publickeys": "032de47c91516ffd2985965935841fa8243894b003886a1f478682da74a848db58", "signature": "5fd03efdf50af61548e03602e39c818e7f86488f57d5066172c708a9798c7f7b33bc235640788427431ee3f9468084ebde10a938b56a20342eac3c3e3aeab24100"}], "status": "BUILDING"}
2022-06-13 17:07:08.251 | ERROR    | Common.Http:post_sign_transfers:186 - Response | {"code":2100000,"message":"signatures[0].publicKey:not empty"}
2022-06-13 17:08:08.909 | ERROR    | Common.Http:post_sign_transfers:184 - Sign 签名失败！
2022-06-13 17:08:08.910 | ERROR    | Common.Http:post_sign_transfers:185 - {"estimatedFee": "13611", "hash": "", "id": "1536274208531083266", "networkCode": "IRIS", "requiredSignings": [{"hash": "36df8c32696f113a3c21f1495318c7d35a25afaa009a7957888d5207b20287a6", "publicKeys": ["032de47c91516ffd2985965935841fa8243894b003886a1f478682da74a848db58"], "threshold": 1}], "serialized": "0a8b010a88010a1c2f636f736d6f732e62616e6b2e763162657461312e4d736753656e6412680a2a69616131336371336c6b6d686573776b7a3464303076753436363332363761773674716a6570336a7934122a69616131336371336c6b6d686573776b7a3464303076753436363332363761773674716a6570336a79341a0e0a0575697269731205313030303012680a500a460a1f2f636f736d6f732e63727970746f2e736563703235366b312e5075624b657912230a21032de47c91516ffd2985965935841fa8243894b003886a1f478682da74a848db5812040a020801187a12140a0e0a0575697269731205313336313110d49304", "signatures": [{"hash": "36df8c32696f113a3c21f1495318c7d35a25afaa009a7957888d5207b20287a6", "publickeys": "032de47c91516ffd2985965935841fa8243894b003886a1f478682da74a848db58", "signature": "5fd03efdf50af61548e03602e39c818e7f86488f57d5066172c708a9798c7f7b33bc235640788427431ee3f9468084ebde10a938b56a20342eac3c3e3aeab24100"}], "status": "BUILDING"}
2022-06-13 17:08:08.912 | ERROR    | Common.Http:post_sign_transfers:186 - Response | {"code":2100000,"message":"signatures[0].publicKey:not empty"}
2022-06-13 17:09:37.327 | ERROR    | Common.Http:post_sign_transfers:184 - Sign 签名失败！
2022-06-13 17:09:37.328 | ERROR    | Common.Http:post_sign_transfers:185 - {"estimatedFee": "13611", "hash": "", "id": "1536274579349499906", "networkCode": "IRIS", "requiredSignings": [{"hash": "36df8c32696f113a3c21f1495318c7d35a25afaa009a7957888d5207b20287a6", "publicKeys": ["032de47c91516ffd2985965935841fa8243894b003886a1f478682da74a848db58"], "threshold": 1}], "serialized": "0a8b010a88010a1c2f636f736d6f732e62616e6b2e763162657461312e4d736753656e6412680a2a69616131336371336c6b6d686573776b7a3464303076753436363332363761773674716a6570336a7934122a69616131336371336c6b6d686573776b7a3464303076753436363332363761773674716a6570336a79341a0e0a0575697269731205313030303012680a500a460a1f2f636f736d6f732e63727970746f2e736563703235366b312e5075624b657912230a21032de47c91516ffd2985965935841fa8243894b003886a1f478682da74a848db5812040a020801187a12140a0e0a0575697269731205313336313110d49304", "signatures": [{"hash": "36df8c32696f113a3c21f1495318c7d35a25afaa009a7957888d5207b20287a6", "publickey": "032de47c91516ffd2985965935841fa8243894b003886a1f478682da74a848db58", "signature": "5fd03efdf50af61548e03602e39c818e7f86488f57d5066172c708a9798c7f7b33bc235640788427431ee3f9468084ebde10a938b56a20342eac3c3e3aeab24100"}], "status": "BUILDING"}
2022-06-13 17:09:37.329 | ERROR    | Common.Http:post_sign_transfers:186 - Response | {"code":2300000,"message":"invalid signature = 5fd03efdf50af61548e03602e39c818e7f86488f57d5066172c708a9798c7f7b33bc235640788427431ee3f9468084ebde10a938b56a20342eac3c3e3aeab24100"}
2022-06-13 17:15:40.834 | ERROR    | Common.Http:post_sign_transfers:184 - Sign 签名失败！
2022-06-13 17:15:40.835 | ERROR    | Common.Http:post_sign_transfers:185 - {"estimatedFee": "13611", "hash": "", "id": "1536276103907700738", "networkCode": "IRIS", "requiredSignings": [{"hash": "36df8c32696f113a3c21f1495318c7d35a25afaa009a7957888d5207b20287a6", "publicKeys": ["032de47c91516ffd2985965935841fa8243894b003886a1f478682da74a848db58"], "threshold": 1}], "serialized": "0a8b010a88010a1c2f636f736d6f732e62616e6b2e763162657461312e4d736753656e6412680a2a69616131336371336c6b6d686573776b7a3464303076753436363332363761773674716a6570336a7934122a69616131336371336c6b6d686573776b7a3464303076753436363332363761773674716a6570336a79341a0e0a0575697269731205313030303012680a500a460a1f2f636f736d6f732e63727970746f2e736563703235366b312e5075624b657912230a21032de47c91516ffd2985965935841fa8243894b003886a1f478682da74a848db5812040a020801187a12140a0e0a0575697269731205313336313110d49304", "signatures": [{"hash": "36df8c32696f113a3c21f1495318c7d35a25afaa009a7957888d5207b20287a6", "publickey": "032de47c91516ffd2985965935841fa8243894b003886a1f478682da74a848db58", "signature": "5fd03efdf50af61548e03602e39c818e7f86488f57d5066172c708a9798c7f7b33bc235640788427431ee3f9468084ebde10a938b56a20342eac3c3e3aeab2410"}], "status": "BUILDING"}
2022-06-13 17:15:40.837 | ERROR    | Common.Http:post_sign_transfers:186 - Response | {"code":2300000,"message":"invalid signature = 5fd03efdf50af61548e03602e39c818e7f86488f57d5066172c708a9798c7f7b33bc235640788427431ee3f9468084ebde10a938b56a20342eac3c3e3aeab2410"}
2022-06-13 17:16:10.714 | ERROR    | Common.Http:post_sign_transfers:184 - Sign 签名失败！
2022-06-13 17:16:10.715 | ERROR    | Common.Http:post_sign_transfers:185 - {"estimatedFee": "13611", "hash": "", "id": "1536276229023789057", "networkCode": "IRIS", "requiredSignings": [{"hash": "36df8c32696f113a3c21f1495318c7d35a25afaa009a7957888d5207b20287a6", "publicKeys": ["032de47c91516ffd2985965935841fa8243894b003886a1f478682da74a848db58"], "threshold": 1}], "serialized": "0a8b010a88010a1c2f636f736d6f732e62616e6b2e763162657461312e4d736753656e6412680a2a69616131336371336c6b6d686573776b7a3464303076753436363332363761773674716a6570336a7934122a69616131336371336c6b6d686573776b7a3464303076753436363332363761773674716a6570336a79341a0e0a0575697269731205313030303012680a500a460a1f2f636f736d6f732e63727970746f2e736563703235366b312e5075624b657912230a21032de47c91516ffd2985965935841fa8243894b003886a1f478682da74a848db5812040a020801187a12140a0e0a0575697269731205313336313110d49304", "signatures": [{"hash": "36df8c32696f113a3c21f1495318c7d35a25afaa009a7957888d5207b20287a6", "publickey": "032de47c91516ffd2985965935841fa8243894b003886a1f478682da74a848db58", "signature": "5fd03efdf50af61548e03602e39c818e7f86488f57d5066172c708a9798c7f7b33bc235640788427431ee3f9468084ebde10a938b56a20342eac3c3e3aeab24100"}], "status": "BUILDING"}
2022-06-13 17:16:10.716 | ERROR    | Common.Http:post_sign_transfers:186 - Response | {"code":2300000,"message":"invalid signature = 5fd03efdf50af61548e03602e39c818e7f86488f57d5066172c708a9798c7f7b33bc235640788427431ee3f9468084ebde10a938b56a20342eac3c3e3aeab24100"}
2022-06-13 17:16:30.192 | ERROR    | Common.Http:post_sign_transfers:184 - Sign 签名失败！
2022-06-13 17:16:30.192 | ERROR    | Common.Http:post_sign_transfers:185 - {"estimatedFee": "13611", "hash": "", "id": "1536276311534137346", "networkCode": "IRIS", "requiredSignings": [{"hash": "36df8c32696f113a3c21f1495318c7d35a25afaa009a7957888d5207b20287a6", "publicKeys": ["032de47c91516ffd2985965935841fa8243894b003886a1f478682da74a848db58"], "threshold": 1}], "serialized": "0a8b010a88010a1c2f636f736d6f732e62616e6b2e763162657461312e4d736753656e6412680a2a69616131336371336c6b6d686573776b7a3464303076753436363332363761773674716a6570336a7934122a69616131336371336c6b6d686573776b7a3464303076753436363332363761773674716a6570336a79341a0e0a0575697269731205313030303012680a500a460a1f2f636f736d6f732e63727970746f2e736563703235366b312e5075624b657912230a21032de47c91516ffd2985965935841fa8243894b003886a1f478682da74a848db5812040a020801187a12140a0e0a0575697269731205313336313110d49304", "signatures": [{"hash": "36df8c32696f113a3c21f1495318c7d35a25afaa009a7957888d5207b20287a6", "publickey": "032de47c91516ffd2985965935841fa8243894b003886a1f478682da74a848db58", "signature": "5fd03efdf50af61548e03602e39c818e7f86488f57d5066172c708a9798c7f7b33bc235640788427431ee3f9468084ebde10a938b56a20342eac3c3e3aeab24100"}], "status": "BUILDING"}
2022-06-13 17:16:30.194 | ERROR    | Common.Http:post_sign_transfers:186 - Response | {"code":2300000,"message":"invalid signature = 5fd03efdf50af61548e03602e39c818e7f86488f57d5066172c708a9798c7f7b33bc235640788427431ee3f9468084ebde10a938b56a20342eac3c3e3aeab24100"}
2022-06-13 17:18:53.534 | ERROR    | Common.Http:post_sign_transfers:184 - Sign 签名失败！
2022-06-13 17:18:53.535 | ERROR    | Common.Http:post_sign_transfers:185 - <-----Sign Response----->{"code":2300000,"message":"invalid signature = 5fd03efdf50af61548e03602e39c818e7f86488f57d5066172c708a9798c7f7b33bc235640788427431ee3f9468084ebde10a938b56a20342eac3c3e3aeab24100"}
2022-06-13 18:13:36.265 | ERROR    | Common.Http:post_sign_transfers:184 - Sign 签名失败！
2022-06-13 18:13:36.266 | ERROR    | Common.Http:post_sign_transfers:185 - <-----Sign Response----->{"code":2300000,"message":"invalid signature = 5fd03efdf50af61548e03602e39c818e7f86488f57d5066172c708a9798c7f7b33bc235640788427431ee3f9468084ebde10a938b56a20342eac3c3e3aeab24100"}
2022-06-13 18:15:52.011 | ERROR    | Common.Http:post_sign_transfers:184 - Sign 签名失败！
2022-06-13 18:15:52.012 | ERROR    | Common.Http:post_sign_transfers:185 - <-----Sign Response----->{"code":2300000,"message":"invalid signature = 5fd03efdf50af61548e03602e39c818e7f86488f57d5066172c708a9798c7f7b33bc235640788427431ee3f9468084ebde10a938b56a20342eac3c3e3aeab24100"}
2022-06-13 18:17:31.975 | ERROR    | Common.Http:post_sign_transfers:184 - Sign 签名失败！
2022-06-13 18:17:31.976 | ERROR    | Common.Http:post_sign_transfers:185 - <-----Sign Response----->{"code":2300000,"message":"invalid signature = 5fd03efdf50af61548e03602e39c818e7f86488f57d5066172c708a9798c7f7b33bc235640788427431ee3f9468084ebde10a938b56a20342eac3c3e3aeab24100"}
2022-06-13 18:21:04.119 | ERROR    | Common.Http:post_sign_transfers:184 - Sign 签名失败！
2022-06-13 18:21:04.120 | ERROR    | Common.Http:post_sign_transfers:185 - <-----Sign Response----->{"code":2300000,"message":"invalid signature = ab6c43032fb7576b931e939da6632d8a0d574deb73c8c30237165586dd1e3cd955aefeec660d8d337de84e3bae54a866708e57e03c12882ded6c815e3b49bc9601"}
2022-06-13 18:40:45.330 | ERROR    | Common.Http:post_transfers:146 - transfers 交易失败！
2022-06-13 18:40:45.331 | ERROR    | Common.Http:post_transfers:147 - {"amount": 0.01, "definiteSignerPublicKeys": ["02488e3f6edb86a6a5e5fe457c71b9d5e40d75558231bfb1489e62694044490fc8"], "from": "0x8591589a1D9e21073084329Dde89aB745c0F5A2e", "networkCode": "ETH", "to": "0x8591589a1D9e21073084329Dde89aB745c0F5A2e"}
2022-06-13 18:47:31.551 | ERROR    | Common.Http:post_transfers:146 - transfers 交易失败！
2022-06-13 18:47:31.552 | ERROR    | Common.Http:post_transfers:147 - {"amount": 0.01, "definiteSignerPublicKeys": ["02488e3f6edb86a6a5e5fe457c71b9d5e40d75558231bfb1489e62694044490fc8"], "from": "0x8591589a1D9e21073084329Dde89aB745c0F5A2e", "networkCode": "ETH", "to": "0x8591589a1D9e21073084329Dde89aB745c0F5A2e"}
2022-06-13 18:54:33.148 | ERROR    | Common.Http:post_sign_transfers:184 - Sign 签名失败！
2022-06-13 18:54:33.149 | ERROR    | Common.Http:post_sign_transfers:185 - <-----Sign Response----->{"code":2300000,"message":"invalid signature = 5fd03efdf50af61548e03602e39c818e7f86488f57d5066172c708a9798c7f7b33bc235640788427431ee3f9468084ebde10a938b56a20342eac3c3e3aeab24100"}
2022-06-13 19:01:59.609 | ERROR    | Common.Http:post_sign_transfers:184 - Sign 签名失败！
2022-06-13 19:01:59.611 | ERROR    | Common.Http:post_sign_transfers:185 - <-----Sign Response----->{"code":2300000,"message":"invalid signature = 5fd03efdf50af61548e03602e39c818e7f86488f57d5066172c708a9798c7f7b33bc235640788427431ee3f9468084ebde10a938b56a20342eac3c3e3aeab24100"}
2022-06-13 19:03:43.833 | ERROR    | Common.Http:post_sign_transfers:184 - Sign 签名失败！
2022-06-13 19:03:43.834 | ERROR    | Common.Http:post_sign_transfers:185 - <-----Sign Response----->{"code":2300000,"message":"invalid signature = d299c677a6a409f9e3d91293caf73504db883f8e29e0fa34095ebcaae9afb2440f6059e2632c154e0f72ff789e49ee55d32004b81b55a46980e4f80e5ea0eca501"}
