2022-11-10 10:22:09.969 | ERROR    | Common.Http:get_cryptocurrencies:349 - 
<-----Query account Response Error----->{"timestamp":"2022-11-10T02:22:09.962+00:00","path":"/asset/api/cryptocurrencies/","status":503,"error":"Service Unavailable","message":"","requestId":"c9be05a6-73774"}
2022-11-10 14:53:26.639 | ERROR    | Common.Http:create_custodial_account:186 - 
<-----Create custodial Response Error----->{"code":2100000,"message":"name not empty"}
2022-11-10 14:53:27.145 | ERROR    | Common.Http:create_custodial_account:186 - 
<-----Create custodial Response Error----->{"code":2100000,"message":"name cannot be greater than 50 bits"}
2022-11-10 14:53:57.023 | ERROR    | Common.Http:create_custodial_account:186 - 
<-----Create custodial Response Error----->{"code":2100000,"message":"name not empty"}
2022-11-10 14:53:57.561 | ERROR    | Common.Http:create_custodial_account:186 - 
<-----Create custodial Response Error----->{"code":2100000,"message":"name cannot be greater than 50 bits"}
2022-11-10 14:55:32.477 | ERROR    | Common.Http:create_custodial_account:186 - 
<-----Create custodial Response Error----->{"code":2100000,"message":"name not empty"}
2022-11-10 14:55:32.822 | ERROR    | Common.Http:create_custodial_account:186 - 
<-----Create custodial Response Error----->{"code":2100000,"message":"name cannot be greater than 50 bits"}
2022-11-10 15:01:03.570 | ERROR    | Common.Http:create_custodial_account:186 - 
<-----Create custodial Response Error----->{"code":2100000,"message":"name not empty"}
2022-11-10 15:01:03.902 | ERROR    | Common.Http:create_custodial_account:186 - 
<-----Create custodial Response Error----->{"code":2100000,"message":"name cannot be greater than 50 bits"}
2022-11-10 15:01:04.318 | ERROR    | Common.Http:create_custodial_account:186 - 
<-----Create custodial Response Error----->{"code":2200000,"message":"network not found"}
2022-11-10 15:01:04.752 | ERROR    | Common.Http:create_custodial_account:186 - 
<-----Create custodial Response Error----->{"code":2300000,"message":"network unavailable"}
2022-11-10 15:03:05.309 | ERROR    | Common.Http:create_custodial_account:186 - 
<-----Create custodial Response Error----->{"code":2100000,"message":"name not empty"}
2022-11-10 15:03:05.725 | ERROR    | Common.Http:create_custodial_account:186 - 
<-----Create custodial Response Error----->{"code":2100000,"message":"name cannot be greater than 50 bits"}
2022-11-10 15:03:05.994 | ERROR    | Common.Http:create_custodial_account:186 - 
<-----Create custodial Response Error----->{"code":2200000,"message":"network not found"}
2022-11-10 15:03:06.269 | ERROR    | Common.Http:create_custodial_account:186 - 
<-----Create custodial Response Error----->{"code":2300000,"message":"network unavailable"}
2022-11-10 16:44:27.022 | ERROR    | Common.Http:get_staking:393 - 
<-----Query Staking Response Error----->[]
2022-11-10 16:48:20.693 | ERROR    | Common.Http:get_staking:393 - 
<-----Query Staking Response Error----->[]
2022-11-10 18:15:39.261 | ERROR    | __main__:test_price_check:47 - {"SUSHI_price": 1.084, "SUSHI_BN_price": "1.12896875", "DOGE_price": 0.0818, "DOGE_BN_price": "0.08232946", "NEXO_price": 0.7666139999999999, "NEXO_BN_price": "0.76156499", "SAND_price": 0.6171705, "SAND_BN_price": "0.61289810", "THETA_price": 0.9446999999999999, "THETA_BN_price": "0.93843272", "BAL_price": 4.986, "BAL_BN_price": "5.02443478", "BNT_price": 0.3713, "BNT_BN_price": "0.37412080", "BAT_price": 0.2458, "BAT_BN_price": "0.24672048", "COMP_price": 36.91, "COMP_BN_price": "37.06995433", "DAI_price": 0.9899, "DAI_BN_price": "1.01827085", "MKR_price": 762.49, "MKR_BN_price": "751.84415281", "LINK_price": 6.418, "LINK_BN_price": "6.59962366", "UNI_price": 5.449, "UNI_BN_price": "5.47353849", "IRIS_price": 0.01305495, "IRIS_BN_price": "0.01298850", "ATOM_price": 11.08, "ATOM_BN_price": "11.18988511", "DOT_price": 5.647, "DOT_BN_price": "5.66881658", "CLV_price": 0.05882, "CLV_BN_price": "0.05931890", "BNB_price": 276.5860499999999, "BNB_BN_price": "275.37202267", "ETH_price": 1204.24, "ETH_BN_price": "1191.95747535", "BTC_price": 16628.43, "BTC_BN_price": "16573.48460054"}
2022-11-10 18:18:54.992 | ERROR    | __main__:test_price_check:46 - {"SUSHI_price": 1.084, "SUSHI_BN_price": "1.12437629", "SAND_price": 0.6171705, "SAND_BN_price": "0.61024941", "DAI_price": 0.9899, "DAI_BN_price": "1.01827085", "MKR_price": 762.49, "MKR_BN_price": "749.46773316", "LINK_price": 6.418, "LINK_BN_price": "6.58701670", "ATOM_price": 11.08, "ATOM_BN_price": "11.22330282", "ETH_price": 1204.24, "ETH_BN_price": "1188.25610889"}
2022-11-10 18:23:51.103 | ERROR    | __main__:test_price_check:46 - {"SUSHI_price": 1.084, "SUSHI_BN_price": "1.12793803", "percent_gap": "0.010881513959009538502940963", "DAI_price": 0.9899, "DAI_BN_price": "1.01827085", "MKR_price": 762.49, "MKR_BN_price": "750.18549671", "LINK_price": 6.418, "LINK_BN_price": "6.61230139", "ATOM_price": 11.08, "ATOM_BN_price": "11.30723294", "ETH_price": 1204.24, "ETH_BN_price": "1191.27710159"}
2022-11-10 18:25:47.802 | ERROR    | __main__:test_price_check:46 - {"SUSHI_price": 1.08, "SUSHI_BN_price": "1.12756814", "SUSHI_percent_gap": "0.0421864881709055108152722584", "DAI_price": 0.9897, "DAI_BN_price": "1.01827085", "DAI_percent_gap": "0.0280582027856340735292058927", "MKR_price": 757.97, "MKR_BN_price": "745.31391576", "MKR_percent_gap": "0.016980877416054362071905954", "LINK_price": 6.421, "LINK_BN_price": "6.60763889", "LINK_percent_gap": "0.0282459276463274973398535356", "ATOM_price": 11.17, "ATOM_BN_price": "11.30931692", "ATOM_percent_gap": "0.0123187740679213427732179581", "CLV_price": 0.05814, "CLV_BN_price": "0.05885995", "CLV_percent_gap": "0.0122315768192124315809796860", "ETH_price": 1204.64, "ETH_BN_price": "1191.67857473", "ETH_percent_gap": "0.010876611818700176962958525"}
2022-11-10 18:32:32.099 | ERROR    | __main__:test_price_check:46 - {"CRV_price": 0.622, "CRV_BN_price": "0.62565320", "CRV_percent_gap": "0.58%", "SUSHI_price": 1.08, "SUSHI_BN_price": "1.12386243", "SUSHI_percent_gap": "3.90%", "DOGE_price": 0.08222, "DOGE_BN_price": "0.08209568", "DOGE_percent_gap": "0.15%", "NEXO_price": 0.7663296, "NEXO_BN_price": "0.76333405", "NEXO_percent_gap": "0.39%", "SAND_price": 0.6131238, "SAND_BN_price": "0.61144776", "SAND_percent_gap": "0.27%", "THETA_price": 0.9410784, "THETA_BN_price": "0.93807081", "THETA_percent_gap": "0.32%", "BAL_price": 4.989, "BAL_BN_price": "5.00563002", "BAL_percent_gap": "0.33%", "BNT_price": 0.3707, "BNT_BN_price": "0.37303640", "BNT_percent_gap": "0.63%", "ZRX_price": 0.1764, "ZRX_BN_price": "0.17697648", "ZRX_percent_gap": "0.33%", "BAT_price": 0.2458, "BAT_BN_price": "0.24706171", "BAT_percent_gap": "0.51%", "YFI_price": 6073.81, "YFI_BN_price": "6075.88138577", "YFI_percent_gap": "0.03%", "GRT_price": 0.06433, "GRT_BN_price": "0.06437681", "GRT_percent_gap": "0.07%", "DAI_price": 0.9897, "DAI_BN_price": "1.01827085", "DAI_percent_gap": "2.81%", "MKR_price": 757.97, "MKR_BN_price": "744.42761856", "MKR_percent_gap": "1.82%", "OMG_price": 1.187, "OMG_BN_price": "1.19195562", "OMG_percent_gap": "0.42%", "LINK_price": 6.421, "LINK_BN_price": "6.60379142", "LINK_percent_gap": "2.77%", "UNI_price": 5.431, "UNI_BN_price": "5.44664431", "UNI_percent_gap": "0.29%", "MATIC_price": 0.9071, "MATIC_BN_price": "0.91250615", "MATIC_percent_gap": "0.59%", "IRIS_price": 0.01303602, "IRIS_BN_price": "0.01299850", "IRIS_percent_gap": "0.29%", "ATOM_price": 11.17, "ATOM_BN_price": "11.17891017", "ATOM_percent_gap": "0.08%", "DOT_price": 5.655, "DOT_BN_price": "5.67878180", "DOT_percent_gap": "0.42%", "CLV_price": 0.05814, "CLV_BN_price": "0.05900148", "CLV_percent_gap": "1.46%", "BNB_price": 275.3997, "BNB_BN_price": "275.55945055", "BNB_percent_gap": "0.06%", "ETH_price": 1204.64, "ETH_BN_price": "1192.48046954", "ETH_percent_gap": "1.02%", "BTC_price": 16639.77, "BTC_BN_price": "16552.59798050", "BTC_percent_gap": "0.53%"}
2022-11-10 18:32:58.299 | ERROR    | __main__:test_price_check:46 - {"SUSHI_price": 1.08, "SUSHI_BN_price": "1.12357515", "SUSHI_percent_gap": "3.88%"}
