2022-12-21 10:40:49.757 | ERROR    | Common.Httpcore:core_instructions:197 - 
<-----Core Instructions Response Error----->{"timestamp":"2022-12-21T02:40:49.326Z","status":404,"error":"Not Found","message":"","path":"/core/api/simple/api/instructions"}
2022-12-21 11:32:26.957 | ERROR    | Common.Httpcore:core_sign:219 - 
<-----Core Sign Response Error----->{"code":2100000,"message":"invalid signature 575a1b2c458dbd2badecf04c2028aa94e8cf3ad84b672bfa00f9e323f9692d33046bb797fcc42f2b77b20b8f974d808a74bbd5c208433469d117acd10a3b071a01"}
2022-12-21 11:38:20.278 | ERROR    | Common.Httpcore:core_sign:219 - 
<-----Core Sign Response Error----->{"code":2400000,"message":"INTERNAL: Returned error: execution reverted"}
2022-12-21 11:45:08.379 | ERROR    | Common.Httpcore:core_sign:219 - 
<-----Core Sign Response Error----->{"code":2400000,"message":"INTERNAL: Returned error: execution reverted"}
2022-12-21 11:46:44.634 | ERROR    | Common.Httpcore:core_sign:219 - 
<-----Core Sign Response Error----->{"code":2400000,"message":"INTERNAL: Returned error: execution reverted"}
2022-12-21 11:49:16.839 | ERROR    | Common.Httpcore:core_send:238 - 
<-----Core Send Response Error----->{"code":2300000,"message":"transaction status change cannot be send"}
2022-12-21 11:55:08.421 | ERROR    | Common.Httpcore:core_sign:219 - 
<-----Core Sign Response Error----->{"code":2100000,"message":"invalid signature f55bab940c4548681d8f943729ca6439db085c1b319c20f5e4fd3e81fe3bbfb340cde0dbf96c3cb46b14e6ace00d6f786197de0e144bf236e3949f64167e2e1901"}
2022-12-21 12:00:40.482 | ERROR    | Common.Httpcore:core_instructions:196 - 
<-----Core Instructions Response Error----->{"code":2300000,"message":"account pending"}
2022-12-21 12:03:43.117 | ERROR    | Common.Httpcore:core_instructions:196 - 
<-----Core Instructions Response Error----->{"code":2300000,"message":"account pending"}
2022-12-21 14:25:54.776 | ERROR    | Common.Httpcore:core_instructions:196 - 
<-----Core Instructions Response Error----->{"code":2300000,"message":"account pending"}
2022-12-21 15:04:42.139 | ERROR    | Common.Httpcore:core_instructions:196 - 
<-----Core Instructions Response Error----->{"code":2200000,"message":"account not found"}
2022-12-21 15:30:12.308 | ERROR    | Common.Httpcore:core_instructions:196 - 
<-----Core Instructions Response Error----->{"code":2102001,"message":"insufficient CLV balance"}
2022-12-21 15:38:15.608 | ERROR    | Common.Httpcore:core_instructions:196 - 
<-----Core Instructions Response Error----->{"code":2102001,"message":"insufficient CLV balance"}
2022-12-21 15:38:36.583 | ERROR    | Common.Httpcore:core_instructions:196 - 
<-----Core Instructions Response Error----->{"code":2200000,"message":"stake not found"}
2022-12-21 15:40:08.965 | ERROR    | Common.Httpcore:core_instructions:196 - 
<-----Core Instructions Response Error----->{"code":2200000,"message":"stake not found"}
2022-12-21 15:43:58.308 | ERROR    | Common.Httpcore:core_instructions:196 - 
<-----Core Instructions Response Error----->{"code":2200000,"message":"account not found"}
2022-12-21 15:52:22.766 | ERROR    | Common.Httpcore:core_instructions:196 - 
<-----Core Instructions Response Error----->{"code":2200000,"message":"stake not found"}
2022-12-21 18:14:20.891 | ERROR    | Common.Httpcore:core_instructions:196 - 
<-----Core Instructions Response Error----->{"code":2200000,"message":"account not found"}
2022-12-21 18:16:12.115 | ERROR    | Common.Httpcore:core_instructions:196 - 
<-----Core Instructions Response Error----->{"code":2102001,"message":"insufficient IRIS balance"}
2022-12-21 18:16:49.717 | ERROR    | Common.Httpcore:core_instructions:196 - 
<-----Core Instructions Response Error----->{"code":2102001,"message":"insufficient IRIS balance"}
2022-12-21 18:17:49.481 | ERROR    | Common.Httpcore:core_instructions:196 - 
<-----Core Instructions Response Error----->{"code":2102001,"message":"insufficient IRIS balance"}
2022-12-21 19:25:41.980 | ERROR    | Common.Httpcore:core_instructions:196 - 
<-----Core Instructions Response Error----->{"code":2200000,"message":"account not found"}
2022-12-21 19:34:10.594 | ERROR    | Common.Httpcore:core_instructions:196 - 
<-----Core Instructions Response Error----->{"code":2400000,"message":"INVALID_ARGUMENT: Time point found"}
2022-12-21 19:34:28.511 | ERROR    | Common.Httpcore:core_instructions:196 - 
<-----Core Instructions Response Error----->{"code":2400000,"message":"INVALID_ARGUMENT: Time point found"}
2022-12-21 19:49:21.814 | ERROR    | Common.Httpcore:core_send:238 - 
<-----Core Send Response Error----->{"code":2300000,"message":"send transaction fail"}
